<?xml version="1.0" encoding="UTF-8"?>
<testsuite name="chess.TestPlayer" tests="1" skipped="0" failures="0" errors="0" timestamp="2022-10-16T07:27:49" hostname="Wishs-MacBook-Air.local" time="0.001">
  <properties/>
  <testcase name="testWinPercent2" classname="chess.TestPlayer" time="0.001"/>
  <system-out><![CDATA[]]></system-out>
  <system-err><![CDATA[]]></system-err>
</testsuite>
