<?xml version="1.0" encoding="UTF-8"?>
<testsuite name="chess.TestPlayer" tests="2" skipped="0" failures="0" errors="0" timestamp="2022-10-16T15:11:12" hostname="Wishs-MacBook-Air.local" time="0.003">
  <properties/>
  <testcase name="testWinPercent1" classname="chess.TestPlayer" time="0.0"/>
  <testcase name="testWinPercent2" classname="chess.TestPlayer" time="0.003"/>
  <system-out><![CDATA[]]></system-out>
  <system-err><![CDATA[]]></system-err>
</testsuite>
