<?xml version="1.0" encoding="UTF-8"?>
<testsuite name="chess.TestCell" tests="1" skipped="0" failures="0" errors="0" timestamp="2022-10-16T08:49:25" hostname="Nattapons-MacBook-Air.local" time="0.736">
  <properties/>
  <testcase name="testConstructCell3" classname="chess.TestCell" time="0.736"/>
  <system-out><![CDATA[]]></system-out>
  <system-err><![CDATA[]]></system-err>
</testsuite>
