<?xml version="1.0" encoding="UTF-8"?>
<testsuite name="chess.TestCell" tests="6" skipped="0" failures="0" errors="0" timestamp="2022-10-16T10:52:19" hostname="Wishs-MacBook-Air.local" time="0.304">
  <properties/>
  <testcase name="testConstructCell1" classname="chess.TestCell" time="0.303"/>
  <testcase name="testConstructCell2" classname="chess.TestCell" time="0.0"/>
  <testcase name="testConstructCell3" classname="chess.TestCell" time="0.0"/>
  <testcase name="testConstructCell4" classname="chess.TestCell" time="0.001"/>
  <testcase name="testConstructCell5" classname="chess.TestCell" time="0.0"/>
  <testcase name="testConstructCell6" classname="chess.TestCell" time="0.0"/>
  <system-out><![CDATA[]]></system-out>
  <system-err><![CDATA[]]></system-err>
</testsuite>
