<?xml version="1.0" encoding="UTF-8"?>
<testsuite name="TestCaseDUDE" tests="1" skipped="0" failures="0" errors="0" timestamp="2022-10-15T16:53:16" hostname="Wishs-MacBook-Air.local" time="0.281">
  <properties/>
  <testcase name="testBishopPossibleMove" classname="TestCaseDUDE" time="0.281"/>
  <system-out><![CDATA[]]></system-out>
  <system-err><![CDATA[]]></system-err>
</testsuite>
